  convert.cpp
  fptostring.cpp
d:\engine_dev\lumina\lumina\thirdparty\yaml-cpp\include\yaml-cpp\node\ptr.h(28): warning C4067: unexpected tokens following preprocessor directive - expected a newline (compiling source file src\convert.cpp)
d:\engine_dev\lumina\lumina\thirdparty\yaml-cpp\include\yaml-cpp\node\ptr.h(30): warning C4067: unexpected tokens following preprocessor directive - expected a newline (compiling source file src\convert.cpp)
d:\engine_dev\lumina\lumina\thirdparty\yaml-cpp\include\yaml-cpp\node\ptr.h(32): warning C4067: unexpected tokens following preprocessor directive - expected a newline (compiling source file src\convert.cpp)
d:\engine_dev\lumina\lumina\thirdparty\yaml-cpp\include\yaml-cpp\node\ptr.h(34): warning C4067: unexpected tokens following preprocessor directive - expected a newline (compiling source file src\convert.cpp)
d:\engine_dev\lumina\lumina\thirdparty\yaml-cpp\src\contrib\dragonbox.h(2919): warning C4018: '<=': signed/unsigned mismatch (compiling source file src\fptostring.cpp)
d:\engine_dev\lumina\lumina\thirdparty\yaml-cpp\src\contrib\dragonbox.h(2925): warning C4018: '<=': signed/unsigned mismatch (compiling source file src\fptostring.cpp)
d:\engine_dev\lumina\lumina\thirdparty\yaml-cpp\src\contrib\dragonbox.h(2931): warning C4018: '<=': signed/unsigned mismatch (compiling source file src\fptostring.cpp)
d:\engine_dev\lumina\lumina\thirdparty\yaml-cpp\include\yaml-cpp\node\impl.h(180): error C2485: 'no_sanitize_address': unrecognized extended attribute (compiling source file src\convert.cpp)
  node_data.cpp
d:\engine_dev\lumina\lumina\thirdparty\yaml-cpp\src\contrib\dragonbox.h(3243): fatal error C1001: An internal error has occurred in the compiler.
  (compiler file 'msc1.cpp', line 1518)
   To work around this problem, try simplifying or changing the program near the locations listed above.
  Please choose the Technical Support command on the Visual C++ 
   Help menu, or open the Technical Support help file for more information (compiling source file src\fptostring.cpp)
  d:\engine_dev\lumina\lumina\thirdparty\yaml-cpp\src\fptostring.cpp(93): note: see reference to class template instantiation 'YAML::jkj::dragonbox::detail::impl<YAML::jkj::dragonbox::ieee754_binary_traits<YAML::jkj::dragonbox::ieee754_binary32,uint_least32_t,int>>' being compiled
  d:\engine_dev\lumina\lumina\thirdparty\yaml-cpp\src\contrib\dragonbox.h(4160): note: see reference to alias template instantiation 'YAML::jkj::dragonbox::detail::to_decimal_return_type<YAML::jkj::dragonbox::ieee754_binary_traits<YAML::jkj::dragonbox::ieee754_binary32,uint_least32_t,int>,>' being compiled (compiling source file src\fptostring.cpp)
  d:\engine_dev\lumina\lumina\thirdparty\yaml-cpp\src\contrib\dragonbox.h(4161): note: see reference to function template instantiation 'impl<FormatTraits>::return_type<to_decimal_policy_holder<Policies...>::sign_policy,to_decimal_policy_holder<Policies...>::trailing_zero_policy,to_decimal_policy_holder<Policies...>::preferred_integer_types_policy> YAML::jkj::dragonbox::to_decimal(Float,Policies...) noexcept' being compiled (compiling source file src\fptostring.cpp)
  d:\engine_dev\lumina\lumina\thirdparty\yaml-cpp\src\fptostring.cpp(235): note: see reference to function template instantiation 'std::string YAML::detail::fp_formatting::FpToString<float>(T,int)' being compiled
          with
          [
              T=float
          ]
  INTERNAL COMPILER ERROR in 'D:\Visual Studio\2017-Community\VC\Tools\MSVC\14.16.27023\bin\HostX86\x64\CL.exe'
      Please choose the Technical Support command on the Visual C++
      Help menu, or open the Technical Support help file for more information
d:\engine_dev\lumina\lumina\thirdparty\yaml-cpp\include\yaml-cpp\node\ptr.h(28): warning C4067: unexpected tokens following preprocessor directive - expected a newline (compiling source file src\node_data.cpp)
d:\engine_dev\lumina\lumina\thirdparty\yaml-cpp\include\yaml-cpp\node\ptr.h(30): warning C4067: unexpected tokens following preprocessor directive - expected a newline (compiling source file src\node_data.cpp)
d:\engine_dev\lumina\lumina\thirdparty\yaml-cpp\include\yaml-cpp\node\ptr.h(32): warning C4067: unexpected tokens following preprocessor directive - expected a newline (compiling source file src\node_data.cpp)
d:\engine_dev\lumina\lumina\thirdparty\yaml-cpp\include\yaml-cpp\node\ptr.h(34): warning C4067: unexpected tokens following preprocessor directive - expected a newline (compiling source file src\node_data.cpp)
cl : Command line error D8040: error creating or communicating with child process
